[0.900s] Invoking command in '/home/patchy/lab1_ws/lab1_pkg': PYTHONPATH=/home/patchy/lab1_ws/build/lab1_pkg/prefix_override:/usr/lib/python3/dist-packages/colcon_core/task/python/colcon_distutils_commands:/home/patchy/lab1_ws/install/lab1_pkg/lib/python3.8/site-packages:${PYTHONPATH} /usr/bin/python3 -W ignore:setup.py install is deprecated -W ignore:easy_install command is deprecated setup.py egg_info --egg-base ../build/lab1_pkg build --build-base /home/patchy/lab1_ws/build/lab1_pkg/build install --record /home/patchy/lab1_ws/build/lab1_pkg/install.log --install-scripts $base/lib/lab1_pkg --single-version-externally-managed install_data
[1.126s] running egg_info
[1.127s] creating ../build/lab1_pkg/lab1_pkg.egg-info
[1.127s] writing ../build/lab1_pkg/lab1_pkg.egg-info/PKG-INFO
[1.127s] writing dependency_links to ../build/lab1_pkg/lab1_pkg.egg-info/dependency_links.txt
[1.127s] writing entry points to ../build/lab1_pkg/lab1_pkg.egg-info/entry_points.txt
[1.127s] writing requirements to ../build/lab1_pkg/lab1_pkg.egg-info/requires.txt
[1.127s] writing top-level names to ../build/lab1_pkg/lab1_pkg.egg-info/top_level.txt
[1.133s] writing manifest file '../build/lab1_pkg/lab1_pkg.egg-info/SOURCES.txt'
[1.151s] reading manifest file '../build/lab1_pkg/lab1_pkg.egg-info/SOURCES.txt'
[1.152s] writing manifest file '../build/lab1_pkg/lab1_pkg.egg-info/SOURCES.txt'
[1.152s] running build
[1.152s] running build_py
[1.152s] creating /home/patchy/lab1_ws/build/lab1_pkg/build
[1.152s] creating /home/patchy/lab1_ws/build/lab1_pkg/build/lib
[1.152s] creating /home/patchy/lab1_ws/build/lab1_pkg/build/lib/lab1_pkg
[1.153s] copying lab1_pkg/relay.py -> /home/patchy/lab1_ws/build/lab1_pkg/build/lib/lab1_pkg
[1.153s] copying lab1_pkg/talker.py -> /home/patchy/lab1_ws/build/lab1_pkg/build/lib/lab1_pkg
[1.153s] copying lab1_pkg/__init__.py -> /home/patchy/lab1_ws/build/lab1_pkg/build/lib/lab1_pkg
[1.153s] running install
[1.154s] running install_lib
[1.155s] creating /home/patchy/lab1_ws/install/lab1_pkg/lib/python3.8/site-packages/lab1_pkg
[1.156s] copying /home/patchy/lab1_ws/build/lab1_pkg/build/lib/lab1_pkg/relay.py -> /home/patchy/lab1_ws/install/lab1_pkg/lib/python3.8/site-packages/lab1_pkg
[1.156s] copying /home/patchy/lab1_ws/build/lab1_pkg/build/lib/lab1_pkg/talker.py -> /home/patchy/lab1_ws/install/lab1_pkg/lib/python3.8/site-packages/lab1_pkg
[1.156s] copying /home/patchy/lab1_ws/build/lab1_pkg/build/lib/lab1_pkg/__init__.py -> /home/patchy/lab1_ws/install/lab1_pkg/lib/python3.8/site-packages/lab1_pkg
[1.157s] byte-compiling /home/patchy/lab1_ws/install/lab1_pkg/lib/python3.8/site-packages/lab1_pkg/relay.py to relay.cpython-38.pyc
[1.159s] byte-compiling /home/patchy/lab1_ws/install/lab1_pkg/lib/python3.8/site-packages/lab1_pkg/talker.py to talker.cpython-38.pyc
[1.159s] byte-compiling /home/patchy/lab1_ws/install/lab1_pkg/lib/python3.8/site-packages/lab1_pkg/__init__.py to __init__.cpython-38.pyc
[1.159s] running install_data
[1.159s] creating /home/patchy/lab1_ws/install/lab1_pkg/share/ament_index
[1.160s] creating /home/patchy/lab1_ws/install/lab1_pkg/share/ament_index/resource_index
[1.160s] creating /home/patchy/lab1_ws/install/lab1_pkg/share/ament_index/resource_index/packages
[1.160s] copying resource/lab1_pkg -> /home/patchy/lab1_ws/install/lab1_pkg/share/ament_index/resource_index/packages
[1.160s] copying package.xml -> /home/patchy/lab1_ws/install/lab1_pkg/share/lab1_pkg
[1.160s] creating /home/patchy/lab1_ws/install/lab1_pkg/share/lab1_pkg/launch
[1.160s] copying launch/lab1_launch.py -> /home/patchy/lab1_ws/install/lab1_pkg/share/lab1_pkg/launch
[1.160s] running install_egg_info
[1.161s] Copying ../build/lab1_pkg/lab1_pkg.egg-info to /home/patchy/lab1_ws/install/lab1_pkg/lib/python3.8/site-packages/lab1_pkg-0.0.0-py3.8.egg-info
[1.161s] running install_scripts
[1.170s] Installing relay script to /home/patchy/lab1_ws/install/lab1_pkg/lib/lab1_pkg
[1.170s] Installing talker script to /home/patchy/lab1_ws/install/lab1_pkg/lib/lab1_pkg
[1.171s] writing list of installed files to '/home/patchy/lab1_ws/build/lab1_pkg/install.log'
[1.184s] Invoked command in '/home/patchy/lab1_ws/lab1_pkg' returned '0': PYTHONPATH=/home/patchy/lab1_ws/build/lab1_pkg/prefix_override:/usr/lib/python3/dist-packages/colcon_core/task/python/colcon_distutils_commands:/home/patchy/lab1_ws/install/lab1_pkg/lib/python3.8/site-packages:${PYTHONPATH} /usr/bin/python3 -W ignore:setup.py install is deprecated -W ignore:easy_install command is deprecated setup.py egg_info --egg-base ../build/lab1_pkg build --build-base /home/patchy/lab1_ws/build/lab1_pkg/build install --record /home/patchy/lab1_ws/build/lab1_pkg/install.log --install-scripts $base/lib/lab1_pkg --single-version-externally-managed install_data
