[0.779s] Invoking command in '/home/patchy/arc_ws/ARC-PI-ROSCODE/lab3_ws/lab3_pkg': PYTHONPATH=/home/patchy/arc_ws/ARC-PI-ROSCODE/lab3_ws/build/lab3_pkg/prefix_override:/usr/lib/python3/dist-packages/colcon_core/task/python/colcon_distutils_commands:/home/patchy/arc_ws/ARC-PI-ROSCODE/lab3_ws/install/lab3_pkg/lib/python3.8/site-packages:${PYTHONPATH} /usr/bin/python3 -W ignore:setup.py install is deprecated -W ignore:easy_install command is deprecated setup.py egg_info --egg-base ../build/lab3_pkg build --build-base /home/patchy/arc_ws/ARC-PI-ROSCODE/lab3_ws/build/lab3_pkg/build install --record /home/patchy/arc_ws/ARC-PI-ROSCODE/lab3_ws/build/lab3_pkg/install.log --install-scripts $base/lib/lab3_pkg --single-version-externally-managed install_data
[0.980s] /home/patchy/.local/lib/python3.8/site-packages/setuptools/dist.py:723: UserWarning: Usage of dash-separated 'script-dir' will not be supported in future versions. Please use the underscore name 'script_dir' instead
[0.980s]   warnings.warn(
[0.994s] running egg_info
[0.994s] creating ../build/lab3_pkg/lab3_pkg.egg-info
[1.002s] writing manifest file '../build/lab3_pkg/lab3_pkg.egg-info/SOURCES.txt'
[1.003s] writing manifest file '../build/lab3_pkg/lab3_pkg.egg-info/SOURCES.txt'
[1.004s] running build
[1.004s] running build_py
[1.004s] creating /home/patchy/arc_ws/ARC-PI-ROSCODE/lab3_ws/build/lab3_pkg/build
[1.004s] creating /home/patchy/arc_ws/ARC-PI-ROSCODE/lab3_ws/build/lab3_pkg/build/lib
[1.004s] creating /home/patchy/arc_ws/ARC-PI-ROSCODE/lab3_ws/build/lab3_pkg/build/lib/lab3_pkg
[1.004s] copying lab3_pkg/__init__.py -> /home/patchy/arc_ws/ARC-PI-ROSCODE/lab3_ws/build/lab3_pkg/build/lib/lab3_pkg
[1.004s] copying lab3_pkg/PID.py -> /home/patchy/arc_ws/ARC-PI-ROSCODE/lab3_ws/build/lab3_pkg/build/lib/lab3_pkg
[1.005s] running install
[1.006s] running install_lib
[1.007s] creating /home/patchy/arc_ws/ARC-PI-ROSCODE/lab3_ws/install/lab3_pkg/lib/python3.8/site-packages/lab3_pkg
[1.008s] byte-compiling /home/patchy/arc_ws/ARC-PI-ROSCODE/lab3_ws/install/lab3_pkg/lib/python3.8/site-packages/lab3_pkg/__init__.py to __init__.cpython-38.pyc
[1.009s] byte-compiling /home/patchy/arc_ws/ARC-PI-ROSCODE/lab3_ws/install/lab3_pkg/lib/python3.8/site-packages/lab3_pkg/PID.py to PID.cpython-38.pyc
[1.010s] running install_data
[1.010s] creating /home/patchy/arc_ws/ARC-PI-ROSCODE/lab3_ws/install/lab3_pkg/share/ament_index
[1.011s] creating /home/patchy/arc_ws/ARC-PI-ROSCODE/lab3_ws/install/lab3_pkg/share/ament_index/resource_index
[1.011s] creating /home/patchy/arc_ws/ARC-PI-ROSCODE/lab3_ws/install/lab3_pkg/share/ament_index/resource_index/packages
[1.011s] copying resource/lab3_pkg -> /home/patchy/arc_ws/ARC-PI-ROSCODE/lab3_ws/install/lab3_pkg/share/ament_index/resource_index/packages
[1.011s] copying package.xml -> /home/patchy/arc_ws/ARC-PI-ROSCODE/lab3_ws/install/lab3_pkg/share/lab3_pkg
[1.011s] creating /home/patchy/arc_ws/ARC-PI-ROSCODE/lab3_ws/install/lab3_pkg/share/lab3_pkg/launch
[1.012s] copying launch/lab3_launch.py -> /home/patchy/arc_ws/ARC-PI-ROSCODE/lab3_ws/install/lab3_pkg/share/lab3_pkg/launch
[1.012s] running install_egg_info
[1.014s] Copying ../build/lab3_pkg/lab3_pkg.egg-info to /home/patchy/arc_ws/ARC-PI-ROSCODE/lab3_ws/install/lab3_pkg/lib/python3.8/site-packages/lab3_pkg-0.0.0-py3.8.egg-info
[1.016s] running install_scripts
[1.030s] writing list of installed files to '/home/patchy/arc_ws/ARC-PI-ROSCODE/lab3_ws/build/lab3_pkg/install.log'
[1.046s] Invoked command in '/home/patchy/arc_ws/ARC-PI-ROSCODE/lab3_ws/lab3_pkg' returned '0': PYTHONPATH=/home/patchy/arc_ws/ARC-PI-ROSCODE/lab3_ws/build/lab3_pkg/prefix_override:/usr/lib/python3/dist-packages/colcon_core/task/python/colcon_distutils_commands:/home/patchy/arc_ws/ARC-PI-ROSCODE/lab3_ws/install/lab3_pkg/lib/python3.8/site-packages:${PYTHONPATH} /usr/bin/python3 -W ignore:setup.py install is deprecated -W ignore:easy_install command is deprecated setup.py egg_info --egg-base ../build/lab3_pkg build --build-base /home/patchy/arc_ws/ARC-PI-ROSCODE/lab3_ws/build/lab3_pkg/build install --record /home/patchy/arc_ws/ARC-PI-ROSCODE/lab3_ws/build/lab3_pkg/install.log --install-scripts $base/lib/lab3_pkg --single-version-externally-managed install_data
