[0.765s] Invoking command in '/home/patchy/lab2_ws/safety_node': PYTHONPATH=/home/patchy/lab2_ws/build/safety_node/prefix_override:/usr/lib/python3/dist-packages/colcon_core/task/python/colcon_distutils_commands:/home/patchy/lab2_ws/install/safety_node/lib/python3.8/site-packages:${PYTHONPATH} /usr/bin/python3 -W ignore:setup.py install is deprecated -W ignore:easy_install command is deprecated setup.py egg_info --egg-base ../build/safety_node build --build-base /home/patchy/lab2_ws/build/safety_node/build install --record /home/patchy/lab2_ws/build/safety_node/install.log --install-scripts $base/lib/safety_node --single-version-externally-managed install_data
[0.970s] running egg_info
[0.971s] creating ../build/safety_node/safety_node.egg-info
[0.971s] writing ../build/safety_node/safety_node.egg-info/PKG-INFO
[0.971s] writing dependency_links to ../build/safety_node/safety_node.egg-info/dependency_links.txt
[0.971s] writing entry points to ../build/safety_node/safety_node.egg-info/entry_points.txt
[0.971s] writing requirements to ../build/safety_node/safety_node.egg-info/requires.txt
[0.971s] writing top-level names to ../build/safety_node/safety_node.egg-info/top_level.txt
[0.975s] writing manifest file '../build/safety_node/safety_node.egg-info/SOURCES.txt'
[0.997s] reading manifest file '../build/safety_node/safety_node.egg-info/SOURCES.txt'
[0.998s] writing manifest file '../build/safety_node/safety_node.egg-info/SOURCES.txt'
[0.998s] running build
[0.999s] running build_py
[0.999s] creating /home/patchy/lab2_ws/build/safety_node/build
[0.999s] creating /home/patchy/lab2_ws/build/safety_node/build/lib
[0.999s] creating /home/patchy/lab2_ws/build/safety_node/build/lib/safety_node
[0.999s] copying safety_node/emergency_break.py -> /home/patchy/lab2_ws/build/safety_node/build/lib/safety_node
[0.999s] copying safety_node/__init__.py -> /home/patchy/lab2_ws/build/safety_node/build/lib/safety_node
[0.999s] running install
[1.000s] running install_lib
[1.000s] creating /home/patchy/lab2_ws/install/safety_node/lib/python3.8/site-packages/safety_node
[1.000s] copying /home/patchy/lab2_ws/build/safety_node/build/lib/safety_node/emergency_break.py -> /home/patchy/lab2_ws/install/safety_node/lib/python3.8/site-packages/safety_node
[1.000s] copying /home/patchy/lab2_ws/build/safety_node/build/lib/safety_node/__init__.py -> /home/patchy/lab2_ws/install/safety_node/lib/python3.8/site-packages/safety_node
[1.001s] byte-compiling /home/patchy/lab2_ws/install/safety_node/lib/python3.8/site-packages/safety_node/emergency_break.py to emergency_break.cpython-38.pyc
[1.001s] byte-compiling /home/patchy/lab2_ws/install/safety_node/lib/python3.8/site-packages/safety_node/__init__.py to __init__.cpython-38.pyc
[1.001s] running install_data
[1.001s] creating /home/patchy/lab2_ws/install/safety_node/share/ament_index
[1.001s] creating /home/patchy/lab2_ws/install/safety_node/share/ament_index/resource_index
[1.002s] creating /home/patchy/lab2_ws/install/safety_node/share/ament_index/resource_index/packages
[1.002s] copying resource/safety_node -> /home/patchy/lab2_ws/install/safety_node/share/ament_index/resource_index/packages
[1.002s] copying package.xml -> /home/patchy/lab2_ws/install/safety_node/share/safety_node
[1.002s] running install_egg_info
[1.003s] Copying ../build/safety_node/safety_node.egg-info to /home/patchy/lab2_ws/install/safety_node/lib/python3.8/site-packages/safety_node-0.0.0-py3.8.egg-info
[1.003s] running install_scripts
[1.014s] Installing emergency_break0 script to /home/patchy/lab2_ws/install/safety_node/lib/safety_node
[1.015s] writing list of installed files to '/home/patchy/lab2_ws/build/safety_node/install.log'
[1.031s] Invoked command in '/home/patchy/lab2_ws/safety_node' returned '0': PYTHONPATH=/home/patchy/lab2_ws/build/safety_node/prefix_override:/usr/lib/python3/dist-packages/colcon_core/task/python/colcon_distutils_commands:/home/patchy/lab2_ws/install/safety_node/lib/python3.8/site-packages:${PYTHONPATH} /usr/bin/python3 -W ignore:setup.py install is deprecated -W ignore:easy_install command is deprecated setup.py egg_info --egg-base ../build/safety_node build --build-base /home/patchy/lab2_ws/build/safety_node/build install --record /home/patchy/lab2_ws/build/safety_node/install.log --install-scripts $base/lib/safety_node --single-version-externally-managed install_data
